[2024-05-23 20:02:16] [ INFO ] [BD:38] tabla creada con exito
[2024-05-23 20:02:16] [ INFO ] [PacienteDAOH2:47] iniciando la operacion de buscado de un paciente con id : 2
[2024-05-23 20:02:16] [ INFO ] [DomicilioDAOH2:44] iniciando la busqueda de un domicilio con id: 2
[2024-05-23 20:18:33] [ INFO ] [BD:38] tabla creada con exito
[2024-05-23 20:18:33] [ INFO ] [PacienteDAOH2:48] iniciando la operacion de buscado de un paciente con id : 2
[2024-05-23 20:18:33] [ INFO ] [DomicilioDAOH2:44] iniciando la busqueda de un domicilio con id: 2
[2024-05-23 20:18:33] [ INFO ] [BD:38] tabla creada con exito
[2024-05-23 20:18:33] [ INFO ] [OdontologoDAOH2:33] Odontologo guardado en base de datos: 0
[2024-05-23 20:18:33] [ INFO ] [OdontologoDAOH2:33] Odontologo guardado en base de datos: 0
[2024-05-23 20:18:33] [ INFO ] [OdontologoDAOH2:86] Se consultaron odontologos de base de datos.
[2024-05-23 20:18:33] [ INFO ] [OdontologoDAOH2:16] Odontologo guardado en Lista: 123
[2024-05-23 20:18:33] [ INFO ] [OdontologoDAOHashMap:25] Se agregó el odontolog: 123, Juan Palaceto
[2024-05-23 20:18:33] [ INFO ] [OdontologoDAOHashMap:48] Se consultaron odontologos de Hash
[2024-05-23 20:18:33] [ INFO ] [BD:38] tabla creada con exito
[2024-05-23 20:18:33] [ INFO ] [OdontologoDAOH2:33] Odontologo guardado en base de datos: 0
[2024-05-23 20:18:33] [ INFO ] [OdontologoDAOH2:33] Odontologo guardado en base de datos: 0
[2024-05-23 20:18:33] [ INFO ] [OdontologoDAOH2:33] Odontologo guardado en base de datos: 0
[2024-05-23 20:18:33] [ INFO ] [OdontologoDAOH2:86] Se consultaron odontologos de base de datos.
[2024-05-23 20:18:33] [ INFO ] [OdontologoDAOHashMap:25] Se agregó el odontolog: 123, Juan Palaceto
[2024-05-23 20:18:33] [ INFO ] [OdontologoDAOHashMap:25] Se agregó el odontolog: 124, Luisa Valencia
[2024-05-23 20:18:33] [ INFO ] [OdontologoDAOHashMap:25] Se agregó el odontolog: 125, Jorgito Pereyra
[2024-05-23 20:18:33] [ INFO ] [OdontologoDAOHashMap:48] Se consultaron odontologos de Hash
[2024-05-23 20:31:18] [ INFO ] [PacienteDAOH2:113] iniciando la busqueda por email: jorgito@jorgito.com
[2024-05-23 20:31:21] [ ERROR] [PacienteDAOH2:129] Table "PACIENTES" not found (this database is empty); SQL statement:
SELECT * FROM PACIENTES WHERE EMAIL=? [42104-214]
[2024-05-23 20:35:56] [ INFO ] [PacienteDAOH2:113] iniciando la busqueda por email: jorgito@jorgito.com
[2024-05-23 20:35:56] [ ERROR] [PacienteDAOH2:129] Table "PACIENTES" not found (this database is empty); SQL statement:
SELECT * FROM PACIENTES WHERE EMAIL=? [42104-214]
[2024-05-23 20:38:20] [ INFO ] [PacienteDAOH2:113] iniciando la busqueda por email: jorgito@jorgito.com
[2024-05-23 20:38:21] [ ERROR] [PacienteDAOH2:129] Table "PACIENTES" not found (this database is empty); SQL statement:
SELECT * FROM PACIENTES WHERE EMAIL=? [42104-214]
[2024-05-23 21:05:32] [ INFO ] [PacienteDAOH2:113] iniciando la busqueda por email: german@german.com
[2024-05-23 21:05:33] [ ERROR] [PacienteDAOH2:129] Table "PACIENTES" not found (this database is empty); SQL statement:
SELECT * FROM PACIENTES WHERE EMAIL=? [42104-214]
[2024-05-23 21:15:57] [ INFO ] [PacienteDAOH2:113] iniciando la busqueda por email: german@german.com
[2024-05-23 21:15:58] [ ERROR] [PacienteDAOH2:129] Table "PACIENTES" not found (this database is empty); SQL statement:
SELECT * FROM PACIENTES WHERE EMAIL=? [42104-214]
[2024-05-23 21:16:01] [ INFO ] [PacienteDAOH2:113] iniciando la busqueda por email: german@german.com
[2024-05-23 21:16:01] [ ERROR] [PacienteDAOH2:129] Table "PACIENTES" not found (this database is empty); SQL statement:
SELECT * FROM PACIENTES WHERE EMAIL=? [42104-214]
[2024-05-23 21:16:16] [ INFO ] [PacienteDAOH2:113] iniciando la busqueda por email: jorgito@jorgito.com
[2024-05-23 21:16:16] [ ERROR] [PacienteDAOH2:129] Table "PACIENTES" not found (this database is empty); SQL statement:
SELECT * FROM PACIENTES WHERE EMAIL=? [42104-214]
[2024-05-23 21:20:16] [ INFO ] [BD:43] tabla creada con exito
[2024-05-23 21:20:28] [ INFO ] [PacienteDAOH2:113] iniciando la busqueda por email: jorgito@jorgito.com
[2024-05-23 21:20:28] [ INFO ] [DomicilioDAOH2:44] iniciando la busqueda de un domicilio con id: 1
[2024-05-23 21:20:43] [ INFO ] [PacienteDAOH2:113] iniciando la busqueda por email: german@german.com
[2024-05-23 21:20:43] [ INFO ] [DomicilioDAOH2:44] iniciando la busqueda de un domicilio con id: 2
[2024-05-23 21:21:20] [ INFO ] [BD:43] tabla creada con exito
[2024-05-23 21:21:34] [ INFO ] [PacienteDAOH2:113] iniciando la busqueda por email: german@german.com
[2024-05-23 21:21:34] [ INFO ] [DomicilioDAOH2:44] iniciando la busqueda de un domicilio con id: 2
[2024-05-23 21:21:42] [ INFO ] [PacienteDAOH2:113] iniciando la busqueda por email: jorgito@jorgito.com
[2024-05-23 21:21:42] [ INFO ] [DomicilioDAOH2:44] iniciando la busqueda de un domicilio con id: 1
[2024-05-27 09:47:11] [ INFO ] [BD:43] tabla creada con exito
[2024-05-27 09:47:30] [ INFO ] [PacienteDAOH2:113] iniciando la busqueda por email: jorgito@jorgito.com
[2024-05-27 09:47:30] [ INFO ] [DomicilioDAOH2:44] iniciando la busqueda de un domicilio con id: 1
[2024-05-27 12:05:05] [ INFO ] [BD:44] tabla creada con exito
[2024-05-27 12:06:49] [ INFO ] [BD:44] tabla creada con exito
[2024-05-27 12:07:04] [ INFO ] [PacienteDAOH2:113] iniciando la busqueda por email: jorgito@jorgito.com
[2024-05-27 12:07:04] [ INFO ] [DomicilioDAOH2:44] iniciando la busqueda de un domicilio con id: 1
[2024-05-27 12:17:44] [ INFO ] [BD:44] tabla creada con exito
[2024-05-27 12:24:08] [ INFO ] [BD:44] tabla creada con exito
[2024-05-27 12:25:35] [ INFO ] [BD:44] tabla creada con exito
[2024-05-27 14:14:59] [ INFO ] [BD:44] tabla creada con exito
[2024-05-27 14:15:10] [ INFO ] [PacienteDAOH2:89] iniciando las operaciones de busqueda:
[2024-05-27 14:15:10] [ INFO ] [DomicilioDAOH2:44] iniciando la busqueda de un domicilio con id: 1
[2024-05-27 14:15:10] [ INFO ] [DomicilioDAOH2:44] iniciando la busqueda de un domicilio con id: 2
[2024-05-27 14:16:54] [ INFO ] [BD:44] tabla creada con exito
[2024-05-27 14:17:05] [ INFO ] [PacienteDAOH2:89] iniciando las operaciones de busqueda:
[2024-05-27 14:17:05] [ INFO ] [DomicilioDAOH2:44] iniciando la busqueda de un domicilio con id: 1
[2024-05-27 14:17:05] [ INFO ] [DomicilioDAOH2:44] iniciando la busqueda de un domicilio con id: 2
[2024-05-27 14:18:09] [ INFO ] [BD:44] tabla creada con exito
[2024-05-27 14:18:17] [ INFO ] [PacienteDAOH2:89] iniciando las operaciones de busqueda:
[2024-05-27 14:18:17] [ INFO ] [DomicilioDAOH2:44] iniciando la busqueda de un domicilio con id: 1
[2024-05-27 14:18:17] [ INFO ] [DomicilioDAOH2:44] iniciando la busqueda de un domicilio con id: 2
[2024-05-27 14:19:29] [ INFO ] [BD:44] tablas creadas con éxito
[2024-05-27 14:19:39] [ INFO ] [PacienteDAOH2:89] iniciando las operaciones de busqueda:
[2024-05-27 14:19:39] [ INFO ] [DomicilioDAOH2:44] iniciando la busqueda de un domicilio con id: 1
[2024-05-27 14:19:39] [ INFO ] [DomicilioDAOH2:44] iniciando la busqueda de un domicilio con id: 2
[2024-05-27 14:21:51] [ INFO ] [BD:44] tablas creadas con éxito
[2024-05-27 14:22:00] [ INFO ] [PacienteDAOH2:89] iniciando las operaciones de busqueda:
[2024-05-27 14:22:00] [ INFO ] [DomicilioDAOH2:44] iniciando la busqueda de un domicilio con id: 1
[2024-05-27 14:22:00] [ INFO ] [DomicilioDAOH2:44] iniciando la busqueda de un domicilio con id: 2
[2024-05-27 14:26:25] [ INFO ] [PacienteDAOH2:89] iniciando las operaciones de busqueda:
[2024-05-27 14:26:25] [ INFO ] [DomicilioDAOH2:44] iniciando la busqueda de un domicilio con id: 1
[2024-05-27 14:26:25] [ INFO ] [DomicilioDAOH2:44] iniciando la busqueda de un domicilio con id: 2
[2024-05-27 14:26:30] [ INFO ] [PacienteDAOH2:113] iniciando la busqueda por email: jorgito@jorgito.com
[2024-05-27 14:26:30] [ INFO ] [DomicilioDAOH2:44] iniciando la busqueda de un domicilio con id: 1
[2024-05-27 15:19:09] [ WARN ] [BD:57] La cantidad de columnas no coincide
Column count does not match; SQL statement:
INSERT INTO PACIENTES (NOMBRE, APELLIDO, CEDULA, FECHA_INGRESO, DOMICILIO_ID, EMAIL)VALUES ('Jorgito','Pereyra','111111','2024-05-16', 1, 'jorgito@jorgito.com', 3), ('German','Fraire','22222','2024-05-10',2, 'german@german.com', 1); INSERT INTO DOMICILIOS  (CALLE, NUMERO, LOCALIDAD, PROVINCIA) VALUES ('Siempre Viva',742,'Springfield','USA'),('Av. Uruguay',345,'Punta del Este','Uruguay')INSERT INTO ODONTOLOGOS (MATRICULA, NOMBRE, APELLIDO) VALUES (5678, 'Lola', 'Martinez'), (3456, 'David', 'Suarez'), (9876, 'Marta', 'Gómez') [21002-214]
[2024-05-27 15:23:00] [ WARN ] [BD:57] La cantidad de columnas no coincide
Column count does not match; SQL statement:
INSERT INTO PACIENTES (NOMBRE, APELLIDO, CEDULA, FECHA_INGRESO, DOMICILIO_ID, EMAIL)VALUES ('Jorgito','Pereyra','111111','2024-05-16', 1, 'jorgito@jorgito.com', 3), ('German','Fraire','22222','2024-05-10', 2, 'german@german.com', 1); INSERT INTO DOMICILIOS  (CALLE, NUMERO, LOCALIDAD, PROVINCIA) VALUES ('Siempre Viva',742,'Springfield','USA'),('Av. Uruguay',345,'Punta del Este','Uruguay'); INSERT INTO ODONTOLOGOS (MATRICULA, NOMBRE, APELLIDO) VALUES (5678, 'Lola', 'Martinez'), (3456, 'David', 'Suarez'), (9876, 'Marta', 'Gómez') [21002-214]
[2024-05-27 15:24:49] [ WARN ] [BD:62] La cantidad de columnas no coincide
Column count does not match; SQL statement:
INSERT INTO PACIENTES (NOMBRE, APELLIDO, CEDULA, FECHA_INGRESO, DOMICILIO_ID, EMAIL)VALUES ('Jorgito','Pereyra','111111','2024-05-16', 1, 'jorgito@jorgito.com', 3), ('German','Fraire','22222','2024-05-10', 2, 'german@german.com', 1); INSERT INTO DOMICILIOS  (CALLE, NUMERO, LOCALIDAD, PROVINCIA) VALUES ('Siempre Viva',742,'Springfield','USA'),('Av. Uruguay',345,'Punta del Este','Uruguay');INSERT INTO ODONTOLOGOS (MATRICULA, NOMBRE, APELLIDO) VALUES (5678, 'Lola', 'Martinez'), (3456, 'David', 'Suarez'), (9876, 'Marta', 'Gómez') [21002-214]
[2024-05-27 15:27:49] [ WARN ] [BD:62] La cantidad de columnas no coincide
Column count does not match; SQL statement:
INSERT INTO PACIENTES (NOMBRE, APELLIDO, CEDULA, FECHA_INGRESO, DOMICILIO_ID, EMAIL)VALUES ('Jorgito','Pereyra','111111','2024-05-16', 1, 'jorgito@jorgito.com', 3), ('German','Fraire','22222','2024-05-10', 2, 'german@german.com', 1); INSERT INTO DOMICILIOS (CALLE, NUMERO, LOCALIDAD, PROVINCIA) VALUES ('Siempre Viva',742,'Springfield','USA'),('Av. Uruguay',345,'Punta del Este','Uruguay');INSERT INTO ODONTOLOGOS (MATRICULA, NOMBRE, APELLIDO) VALUES (5678, 'Lola', 'Martinez'), (3456, 'David', 'Suarez'), (9876, 'Marta', 'Gómez') [21002-214]
[2024-05-27 15:28:23] [ INFO ] [BD:60] tablas creadas con éxito
[2024-05-27 15:28:56] [ INFO ] [PacienteDAOH2:122] iniciando la busqueda por email: jorgito@jorgito.com
[2024-05-27 15:28:56] [ INFO ] [DomicilioDAOH2:44] iniciando la busqueda de un domicilio con id: 1
[2024-05-27 15:28:56] [ INFO ] [OdontologoDAOH2:48] iniciando la busqueda de un odontólogo con id: 3
[2024-05-27 15:32:12] [ INFO ] [BD:50] tablas creadas con éxito
[2024-05-27 15:32:25] [ INFO ] [OdontologoDAOH2:48] iniciando la busqueda de un odontólogo con id: 1
[2024-05-27 15:37:54] [ INFO ] [BD:50] tablas creadas con éxito
[2024-05-27 15:38:28] [ INFO ] [PacienteDAOH2:95] iniciando las operaciones de busqueda:
[2024-05-27 15:38:28] [ INFO ] [DomicilioDAOH2:44] iniciando la busqueda de un domicilio con id: 1
[2024-05-27 15:38:28] [ INFO ] [OdontologoDAOH2:48] iniciando la busqueda de un odontólogo con id: 3
[2024-05-27 15:38:28] [ INFO ] [DomicilioDAOH2:44] iniciando la busqueda de un domicilio con id: 2
[2024-05-27 15:38:28] [ INFO ] [OdontologoDAOH2:48] iniciando la busqueda de un odontólogo con id: 1
[2024-05-27 15:38:35] [ INFO ] [OdontologoDAOH2:48] iniciando la busqueda de un odontólogo con id: 1
[2024-05-27 15:38:38] [ INFO ] [OdontologoDAOH2:48] iniciando la busqueda de un odontólogo con id: 3
[2024-05-27 15:38:43] [ INFO ] [OdontologoDAOH2:48] iniciando la busqueda de un odontólogo con id: 2
[2024-05-27 15:38:49] [ INFO ] [OdontologoDAOH2:105] Se consultaron odontologos de base de datos.
[2024-05-27 15:38:56] [ INFO ] [OdontologoDAOH2:105] Se consultaron odontologos de base de datos.
[2024-05-28 18:35:09] [ INFO ] [BD:50] tablas creadas con éxito
[2024-05-28 18:39:39] [ WARN ] [BD:52] La base de datos puede que ya esté siendo utilizada: "/Users/luisamaria/clinicaOdontologica.mv.db". Soluciones Posibles: cierre todas las otras conexiones; use el modo server
Database may be already in use: "/Users/luisamaria/clinicaOdontologica.mv.db". Possible solutions: close all other connection(s); use the server mode [90020-214]
[2024-05-28 18:41:53] [ WARN ] [BD:52] Versión del archivo de base de datos no soportada ó encabezado de archivo invalido en archivo "/Users/luisamaria/clinicaOdontologica.mv.db"
Unsupported database file version or invalid file header in file "/Users/luisamaria/clinicaOdontologica.mv.db" [90048-214]
[2024-05-28 18:43:34] [ INFO ] [BD:50] tablas creadas con éxito
[2024-05-28 18:43:37] [ INFO ] [BD:50] tablas creadas con éxito
[2024-05-28 18:44:04] [ INFO ] [BD:50] tablas creadas con éxito
[2024-05-28 19:06:48] [ INFO ] [BD:50] tablas creadas con éxito
[2024-05-28 19:07:20] [ INFO ] [BD:50] tablas creadas con éxito
[2024-05-28 19:08:09] [ INFO ] [PacienteDAOH2:22] inciando las operaciones de guardado
[2024-05-28 19:08:09] [ INFO ] [DomicilioDAOH2:20] iniciando las operaciones de guardado
[2024-05-28 19:08:09] [ INFO ] [DomicilioDAOH2:34] domicilio guardado
[2024-05-28 19:08:09] [ INFO ] [OdontologoDAOH2:35] Odontologo guardado en base de datos: 0
[2024-05-28 19:08:09] [ INFO ] [PacienteDAOH2:44] paciente guardado
[2024-05-28 19:14:29] [ INFO ] [PacienteDAOH2:22] inciando las operaciones de guardado
[2024-05-28 19:14:29] [ INFO ] [DomicilioDAOH2:20] iniciando las operaciones de guardado
[2024-05-28 19:14:29] [ INFO ] [DomicilioDAOH2:34] domicilio guardado
[2024-05-28 19:14:29] [ INFO ] [OdontologoDAOH2:35] Odontologo guardado en base de datos: 0
[2024-05-28 19:14:30] [ INFO ] [PacienteDAOH2:44] paciente guardado
[2024-05-28 19:20:34] [ INFO ] [BD:50] tablas creadas con éxito
[2024-05-28 19:20:56] [ INFO ] [PacienteDAOH2:22] inciando las operaciones de guardado
[2024-05-28 19:20:56] [ INFO ] [DomicilioDAOH2:20] iniciando las operaciones de guardado
[2024-05-28 19:20:56] [ INFO ] [DomicilioDAOH2:34] domicilio guardado
[2024-05-28 19:20:56] [ INFO ] [OdontologoDAOH2:39] Odontologo guardado en base de datos: 4
[2024-05-28 19:20:56] [ ERROR] [OdontologoDAOH2:44] Cannot invoke "java.sql.PreparedStatement.close()" because "preparedStatement" is null
[2024-05-28 19:20:56] [ INFO ] [PacienteDAOH2:44] paciente guardado
[2024-05-28 19:21:11] [ INFO ] [PacienteDAOH2:22] inciando las operaciones de guardado
[2024-05-28 19:21:11] [ INFO ] [DomicilioDAOH2:20] iniciando las operaciones de guardado
[2024-05-28 19:21:11] [ INFO ] [DomicilioDAOH2:34] domicilio guardado
[2024-05-28 19:21:11] [ INFO ] [OdontologoDAOH2:39] Odontologo guardado en base de datos: 5
[2024-05-28 19:21:11] [ ERROR] [OdontologoDAOH2:44] Cannot invoke "java.sql.PreparedStatement.close()" because "preparedStatement" is null
[2024-05-28 19:21:11] [ INFO ] [PacienteDAOH2:44] paciente guardado
[2024-05-28 19:25:16] [ INFO ] [PacienteDAOH2:55] iniciando la operacion de buscado de un paciente con id : 4
[2024-05-28 19:25:16] [ INFO ] [DomicilioDAOH2:45] iniciando la busqueda de un domicilio con id: 4
[2024-05-28 19:25:16] [ INFO ] [OdontologoDAOH2:52] iniciando la busqueda de un odontólogo con id: 5
[2024-05-28 19:25:16] [ WARN ] [PacienteDAOH2:92] iniciando las operaciones de actualizacion de un paciente con id : 4
[2024-05-28 19:25:16] [ INFO ] [DomicilioDAOH2:72] iniciando la actualizacion del domicilio con id: 4
[2024-05-28 19:25:16] [ ERROR] [PacienteDAOH2:112] Error de Sintaxis en sentencia SQL "UPDATE PACIENTES SET NOMBRE=?, APELLIDO=?, CEDULA=?, FECHA_INGRESO=?, DOMICILIO_ID=?, EMAIL=?, ODONTOLOGO_ID [*]WHERE ID=?"; se esperaba "., ="
Syntax error in SQL statement "UPDATE PACIENTES SET NOMBRE=?, APELLIDO=?, CEDULA=?, FECHA_INGRESO=?, DOMICILIO_ID=?, EMAIL=?, ODONTOLOGO_ID [*]WHERE ID=?"; expected "., ="; SQL statement:
UPDATE PACIENTES SET NOMBRE=?, APELLIDO=?, CEDULA=?, FECHA_INGRESO=?, DOMICILIO_ID=?, EMAIL=?, ODONTOLOGO_ID WHERE ID=? [42001-214]
[2024-05-28 20:26:18] [ INFO ] [BD:50] tablas creadas con éxito
[2024-05-28 20:26:50] [ INFO ] [OdontologoDAOH2:40] Odontologo guardado en base de datos: 4
[2024-05-28 20:26:50] [ ERROR] [OdontologoDAOH2:45] Cannot invoke "java.sql.PreparedStatement.close()" because "preparedStatement" is null
[2024-05-30 18:46:51] [ INFO ] [BD:50] tablas creadas con éxito
[2024-05-30 18:47:14] [ INFO ] [PacienteDAOH2:53] iniciando la operación de búsqueda de un paciente con id : 1
[2024-05-30 18:47:14] [ INFO ] [DomicilioDAOH2:45] iniciando la busqueda de un domicilio con id: 1
[2024-05-30 18:47:14] [ INFO ] [OdontologoDAOH2:51] iniciando la busqueda de un odontólogo con id: 1
[2024-05-30 18:47:14] [ INFO ] [TurnoDAOLista:14] iniciando las operaciones de guardado de un turno
[2024-05-30 18:47:14] [ INFO ] [PacienteDAOH2:53] iniciando la operación de búsqueda de un paciente con id : 1
[2024-05-30 18:47:14] [ INFO ] [DomicilioDAOH2:45] iniciando la busqueda de un domicilio con id: 1
[2024-05-30 18:47:14] [ INFO ] [OdontologoDAOH2:51] iniciando la busqueda de un odontólogo con id: 1
[2024-05-30 18:47:14] [ INFO ] [TurnoDAOLista:20] turno guardado con exito
[2024-05-30 18:48:42] [ INFO ] [TurnoDAOLista:48] iniciando las operacion de mostrar todos los turnos
[2024-05-30 18:49:02] [ INFO ] [PacienteDAOH2:53] iniciando la operación de búsqueda de un paciente con id : 2
[2024-05-30 18:49:02] [ INFO ] [DomicilioDAOH2:45] iniciando la busqueda de un domicilio con id: 2
[2024-05-30 18:49:02] [ INFO ] [OdontologoDAOH2:51] iniciando la busqueda de un odontólogo con id: 1
[2024-05-30 18:49:02] [ INFO ] [TurnoDAOLista:14] iniciando las operaciones de guardado de un turno
[2024-05-30 18:49:02] [ INFO ] [PacienteDAOH2:53] iniciando la operación de búsqueda de un paciente con id : 2
[2024-05-30 18:49:02] [ INFO ] [DomicilioDAOH2:45] iniciando la busqueda de un domicilio con id: 2
[2024-05-30 18:49:02] [ INFO ] [OdontologoDAOH2:51] iniciando la busqueda de un odontólogo con id: 1
[2024-05-30 18:49:02] [ INFO ] [TurnoDAOLista:20] turno guardado con exito
[2024-05-30 18:49:14] [ INFO ] [PacienteDAOH2:53] iniciando la operación de búsqueda de un paciente con id : 2
[2024-05-30 18:49:14] [ INFO ] [DomicilioDAOH2:45] iniciando la busqueda de un domicilio con id: 2
[2024-05-30 18:49:14] [ INFO ] [OdontologoDAOH2:51] iniciando la busqueda de un odontólogo con id: 3
[2024-05-30 18:49:14] [ INFO ] [TurnoDAOLista:14] iniciando las operaciones de guardado de un turno
[2024-05-30 18:49:14] [ INFO ] [PacienteDAOH2:53] iniciando la operación de búsqueda de un paciente con id : 2
[2024-05-30 18:49:14] [ INFO ] [DomicilioDAOH2:45] iniciando la busqueda de un domicilio con id: 2
[2024-05-30 18:49:14] [ INFO ] [OdontologoDAOH2:51] iniciando la busqueda de un odontólogo con id: 3
[2024-05-30 18:49:14] [ INFO ] [TurnoDAOLista:20] turno guardado con exito
[2024-05-30 18:49:20] [ INFO ] [TurnoDAOLista:48] iniciando las operacion de mostrar todos los turnos
[2024-05-30 19:05:21] [ INFO ] [BD:50] tablas creadas con éxito
[2024-05-30 19:06:50] [ INFO ] [TurnoDAOLista:61] iniciando las operacion de mostrar todos los turnos
[2024-05-30 19:06:59] [ INFO ] [PacienteDAOH2:53] iniciando la operación de búsqueda de un paciente con id : 1
[2024-05-30 19:06:59] [ INFO ] [DomicilioDAOH2:45] iniciando la busqueda de un domicilio con id: 1
[2024-05-30 19:06:59] [ INFO ] [OdontologoDAOH2:51] iniciando la busqueda de un odontólogo con id: 1
[2024-05-30 19:06:59] [ INFO ] [TurnoDAOLista:14] iniciando las operaciones de guardado de un turno
[2024-05-30 19:06:59] [ INFO ] [PacienteDAOH2:53] iniciando la operación de búsqueda de un paciente con id : 1
[2024-05-30 19:06:59] [ INFO ] [DomicilioDAOH2:45] iniciando la busqueda de un domicilio con id: 1
[2024-05-30 19:06:59] [ INFO ] [OdontologoDAOH2:51] iniciando la busqueda de un odontólogo con id: 1
[2024-05-30 19:06:59] [ INFO ] [TurnoDAOLista:20] turno guardado con exito
[2024-05-30 19:07:05] [ INFO ] [PacienteDAOH2:53] iniciando la operación de búsqueda de un paciente con id : 1
[2024-05-30 19:07:05] [ INFO ] [DomicilioDAOH2:45] iniciando la busqueda de un domicilio con id: 1
[2024-05-30 19:07:05] [ INFO ] [OdontologoDAOH2:51] iniciando la busqueda de un odontólogo con id: 2
[2024-05-30 19:07:05] [ INFO ] [TurnoDAOLista:14] iniciando las operaciones de guardado de un turno
[2024-05-30 19:07:05] [ INFO ] [PacienteDAOH2:53] iniciando la operación de búsqueda de un paciente con id : 1
[2024-05-30 19:07:05] [ INFO ] [DomicilioDAOH2:45] iniciando la busqueda de un domicilio con id: 1
[2024-05-30 19:07:05] [ INFO ] [OdontologoDAOH2:51] iniciando la busqueda de un odontólogo con id: 2
[2024-05-30 19:07:05] [ INFO ] [TurnoDAOLista:20] turno guardado con exito
[2024-05-30 19:12:25] [ INFO ] [BD:50] tablas creadas con éxito
[2024-05-30 19:13:00] [ INFO ] [PacienteDAOH2:53] iniciando la operación de búsqueda de un paciente con id : 1
[2024-05-30 19:13:00] [ INFO ] [DomicilioDAOH2:45] iniciando la busqueda de un domicilio con id: 1
[2024-05-30 19:13:00] [ INFO ] [OdontologoDAOH2:51] iniciando la busqueda de un odontólogo con id: 2
[2024-05-30 19:13:00] [ INFO ] [TurnoDAOLista:14] iniciando las operaciones de guardado de un turno
[2024-05-30 19:13:00] [ INFO ] [PacienteDAOH2:53] iniciando la operación de búsqueda de un paciente con id : 1
[2024-05-30 19:13:00] [ INFO ] [DomicilioDAOH2:45] iniciando la busqueda de un domicilio con id: 1
[2024-05-30 19:13:00] [ INFO ] [OdontologoDAOH2:51] iniciando la busqueda de un odontólogo con id: 2
[2024-05-30 19:13:00] [ INFO ] [TurnoDAOLista:20] turno guardado con exito
[2024-05-30 19:14:50] [ INFO ] [BD:50] tablas creadas con éxito
[2024-05-30 19:15:09] [ INFO ] [PacienteDAOH2:53] iniciando la operación de búsqueda de un paciente con id : 1
[2024-05-30 19:15:10] [ INFO ] [DomicilioDAOH2:45] iniciando la busqueda de un domicilio con id: 1
[2024-05-30 19:15:10] [ INFO ] [OdontologoDAOH2:51] iniciando la busqueda de un odontólogo con id: 2
[2024-05-30 19:15:10] [ INFO ] [TurnoDAOLista:14] iniciando las operaciones de guardado de un turno
[2024-05-30 19:15:10] [ INFO ] [PacienteDAOH2:53] iniciando la operación de búsqueda de un paciente con id : 1
[2024-05-30 19:15:10] [ INFO ] [DomicilioDAOH2:45] iniciando la busqueda de un domicilio con id: 1
[2024-05-30 19:15:10] [ INFO ] [OdontologoDAOH2:51] iniciando la busqueda de un odontólogo con id: 2
[2024-05-30 19:15:10] [ INFO ] [TurnoDAOLista:20] turno guardado con exito
[2024-05-30 19:15:18] [ INFO ] [PacienteDAOH2:53] iniciando la operación de búsqueda de un paciente con id : 1
[2024-05-30 19:15:18] [ INFO ] [DomicilioDAOH2:45] iniciando la busqueda de un domicilio con id: 1
[2024-05-30 19:15:18] [ INFO ] [OdontologoDAOH2:51] iniciando la busqueda de un odontólogo con id: 1
[2024-05-30 19:15:18] [ INFO ] [TurnoDAOLista:14] iniciando las operaciones de guardado de un turno
[2024-05-30 19:15:18] [ INFO ] [PacienteDAOH2:53] iniciando la operación de búsqueda de un paciente con id : 1
[2024-05-30 19:15:18] [ INFO ] [DomicilioDAOH2:45] iniciando la busqueda de un domicilio con id: 1
[2024-05-30 19:15:18] [ INFO ] [OdontologoDAOH2:51] iniciando la busqueda de un odontólogo con id: 1
[2024-05-30 19:15:18] [ INFO ] [TurnoDAOLista:20] turno guardado con exito
[2024-05-30 19:15:30] [ INFO ] [PacienteDAOH2:53] iniciando la operación de búsqueda de un paciente con id : 2
[2024-05-30 19:15:30] [ INFO ] [DomicilioDAOH2:45] iniciando la busqueda de un domicilio con id: 2
[2024-05-30 19:15:30] [ INFO ] [OdontologoDAOH2:51] iniciando la busqueda de un odontólogo con id: 1
[2024-05-30 19:15:30] [ INFO ] [TurnoDAOLista:14] iniciando las operaciones de guardado de un turno
[2024-05-30 19:15:30] [ INFO ] [PacienteDAOH2:53] iniciando la operación de búsqueda de un paciente con id : 2
[2024-05-30 19:15:30] [ INFO ] [DomicilioDAOH2:45] iniciando la busqueda de un domicilio con id: 2
[2024-05-30 19:15:30] [ INFO ] [OdontologoDAOH2:51] iniciando la busqueda de un odontólogo con id: 1
[2024-05-30 19:15:30] [ INFO ] [TurnoDAOLista:20] turno guardado con exito
[2024-05-30 19:15:37] [ INFO ] [TurnoDAOLista:61] iniciando las operacion de mostrar todos los turnos
[2024-05-30 19:15:58] [ INFO ] [PacienteDAOH2:53] iniciando la operación de búsqueda de un paciente con id : 2
[2024-05-30 19:15:58] [ INFO ] [DomicilioDAOH2:45] iniciando la busqueda de un domicilio con id: 2
[2024-05-30 19:15:58] [ INFO ] [OdontologoDAOH2:51] iniciando la busqueda de un odontólogo con id: 4
[2024-05-30 19:16:03] [ INFO ] [PacienteDAOH2:53] iniciando la operación de búsqueda de un paciente con id : 2
[2024-05-30 19:16:03] [ INFO ] [DomicilioDAOH2:45] iniciando la busqueda de un domicilio con id: 2
[2024-05-30 19:16:03] [ INFO ] [OdontologoDAOH2:51] iniciando la busqueda de un odontólogo con id: 2
[2024-05-30 19:16:03] [ INFO ] [TurnoDAOLista:14] iniciando las operaciones de guardado de un turno
[2024-05-30 19:16:03] [ INFO ] [PacienteDAOH2:53] iniciando la operación de búsqueda de un paciente con id : 2
[2024-05-30 19:16:03] [ INFO ] [DomicilioDAOH2:45] iniciando la busqueda de un domicilio con id: 2
[2024-05-30 19:16:03] [ INFO ] [OdontologoDAOH2:51] iniciando la busqueda de un odontólogo con id: 2
[2024-05-30 19:16:03] [ INFO ] [TurnoDAOLista:20] turno guardado con exito
[2024-05-30 19:16:07] [ INFO ] [TurnoDAOLista:61] iniciando las operacion de mostrar todos los turnos
[2024-05-30 19:23:45] [ INFO ] [BD:50] tablas creadas con éxito
[2024-05-30 19:25:36] [ INFO ] [PacienteDAOH2:23] inciando las operaciones de guardado
[2024-05-30 19:25:36] [ INFO ] [DomicilioDAOH2:20] iniciando las operaciones de guardado
[2024-05-30 19:25:36] [ INFO ] [DomicilioDAOH2:34] domicilio guardado
[2024-05-30 19:25:36] [ ERROR] [PacienteDAOH2:45] La columna "ODONTOLOGO_ID" no permite valores nulos (NULL)
NULL not allowed for column "ODONTOLOGO_ID"; SQL statement:
INSERT INTO PACIENTES(NOMBRE, APELLIDO, CEDULA, FECHA_INGRESO, DOMICILIO_ID, EMAIL) VALUES(?,?,?,?,?,?) [23502-214]
[2024-05-30 19:26:05] [ INFO ] [PacienteDAOH2:23] inciando las operaciones de guardado
[2024-05-30 19:26:05] [ INFO ] [DomicilioDAOH2:20] iniciando las operaciones de guardado
[2024-05-30 19:26:05] [ INFO ] [DomicilioDAOH2:34] domicilio guardado
[2024-05-30 19:26:05] [ ERROR] [PacienteDAOH2:45] La columna "ODONTOLOGO_ID" no permite valores nulos (NULL)
NULL not allowed for column "ODONTOLOGO_ID"; SQL statement:
INSERT INTO PACIENTES(NOMBRE, APELLIDO, CEDULA, FECHA_INGRESO, DOMICILIO_ID, EMAIL) VALUES(?,?,?,?,?,?) [23502-214]
[2024-05-30 19:26:22] [ INFO ] [PacienteDAOH2:53] iniciando la operación de búsqueda de un paciente con id : 2
[2024-05-30 19:26:22] [ INFO ] [DomicilioDAOH2:45] iniciando la busqueda de un domicilio con id: 2
[2024-05-30 19:26:22] [ INFO ] [OdontologoDAOH2:51] iniciando la busqueda de un odontólogo con id: 2
[2024-05-30 19:26:22] [ INFO ] [TurnoDAOLista:14] iniciando las operaciones de guardado de un turno
[2024-05-30 19:26:22] [ INFO ] [PacienteDAOH2:53] iniciando la operación de búsqueda de un paciente con id : 2
[2024-05-30 19:26:22] [ INFO ] [DomicilioDAOH2:45] iniciando la busqueda de un domicilio con id: 2
[2024-05-30 19:26:22] [ INFO ] [OdontologoDAOH2:51] iniciando la busqueda de un odontólogo con id: 2
[2024-05-30 19:26:22] [ INFO ] [TurnoDAOLista:20] turno guardado con exito
[2024-05-30 19:26:29] [ INFO ] [PacienteDAOH2:53] iniciando la operación de búsqueda de un paciente con id : 1
[2024-05-30 19:26:30] [ INFO ] [DomicilioDAOH2:45] iniciando la busqueda de un domicilio con id: 1
[2024-05-30 19:26:30] [ INFO ] [OdontologoDAOH2:51] iniciando la busqueda de un odontólogo con id: 2
[2024-05-30 19:26:30] [ INFO ] [TurnoDAOLista:14] iniciando las operaciones de guardado de un turno
[2024-05-30 19:26:30] [ INFO ] [PacienteDAOH2:53] iniciando la operación de búsqueda de un paciente con id : 1
[2024-05-30 19:26:30] [ INFO ] [DomicilioDAOH2:45] iniciando la busqueda de un domicilio con id: 1
[2024-05-30 19:26:30] [ INFO ] [OdontologoDAOH2:51] iniciando la busqueda de un odontólogo con id: 2
[2024-05-30 19:26:30] [ INFO ] [TurnoDAOLista:20] turno guardado con exito
[2024-05-30 19:26:37] [ INFO ] [PacienteDAOH2:53] iniciando la operación de búsqueda de un paciente con id : 1
[2024-05-30 19:26:38] [ INFO ] [DomicilioDAOH2:45] iniciando la busqueda de un domicilio con id: 1
[2024-05-30 19:26:38] [ INFO ] [OdontologoDAOH2:51] iniciando la busqueda de un odontólogo con id: 3
[2024-05-30 19:26:38] [ INFO ] [TurnoDAOLista:14] iniciando las operaciones de guardado de un turno
[2024-05-30 19:26:38] [ INFO ] [PacienteDAOH2:53] iniciando la operación de búsqueda de un paciente con id : 1
[2024-05-30 19:26:38] [ INFO ] [DomicilioDAOH2:45] iniciando la busqueda de un domicilio con id: 1
[2024-05-30 19:26:38] [ INFO ] [OdontologoDAOH2:51] iniciando la busqueda de un odontólogo con id: 3
[2024-05-30 19:26:38] [ INFO ] [TurnoDAOLista:20] turno guardado con exito
[2024-05-30 19:26:42] [ INFO ] [PacienteDAOH2:53] iniciando la operación de búsqueda de un paciente con id : 2
[2024-05-30 19:26:42] [ INFO ] [DomicilioDAOH2:45] iniciando la busqueda de un domicilio con id: 2
[2024-05-30 19:26:42] [ INFO ] [OdontologoDAOH2:51] iniciando la busqueda de un odontólogo con id: 3
[2024-05-30 19:26:42] [ INFO ] [TurnoDAOLista:14] iniciando las operaciones de guardado de un turno
[2024-05-30 19:26:42] [ INFO ] [PacienteDAOH2:53] iniciando la operación de búsqueda de un paciente con id : 2
[2024-05-30 19:26:42] [ INFO ] [DomicilioDAOH2:45] iniciando la busqueda de un domicilio con id: 2
[2024-05-30 19:26:42] [ INFO ] [OdontologoDAOH2:51] iniciando la busqueda de un odontólogo con id: 3
[2024-05-30 19:26:42] [ INFO ] [TurnoDAOLista:20] turno guardado con exito
[2024-05-30 19:26:49] [ INFO ] [PacienteDAOH2:53] iniciando la operación de búsqueda de un paciente con id : 0
[2024-05-30 19:26:49] [ INFO ] [OdontologoDAOH2:51] iniciando la busqueda de un odontólogo con id: 3
[2024-05-30 19:26:54] [ INFO ] [PacienteDAOH2:53] iniciando la operación de búsqueda de un paciente con id : 2
[2024-05-30 19:26:54] [ INFO ] [DomicilioDAOH2:45] iniciando la busqueda de un domicilio con id: 2
[2024-05-30 19:26:54] [ INFO ] [OdontologoDAOH2:51] iniciando la busqueda de un odontólogo con id: 3
[2024-05-30 19:26:54] [ INFO ] [TurnoDAOLista:14] iniciando las operaciones de guardado de un turno
[2024-05-30 19:26:54] [ INFO ] [PacienteDAOH2:53] iniciando la operación de búsqueda de un paciente con id : 2
[2024-05-30 19:26:54] [ INFO ] [DomicilioDAOH2:45] iniciando la busqueda de un domicilio con id: 2
[2024-05-30 19:26:54] [ INFO ] [OdontologoDAOH2:51] iniciando la busqueda de un odontólogo con id: 3
[2024-05-30 19:26:54] [ INFO ] [TurnoDAOLista:20] turno guardado con exito
[2024-05-30 19:27:01] [ INFO ] [TurnoDAOLista:61] iniciando las operacion de mostrar todos los turnos
[2024-06-01 20:18:00] [ INFO ] [BD:50] tablas creadas con éxito
[2024-06-01 20:18:23] [ INFO ] [PacienteDAOH2:25] inciando las operaciones de guardado
[2024-06-01 20:18:23] [ INFO ] [DomicilioDAOH2:20] iniciando las operaciones de guardado
[2024-06-01 20:18:23] [ INFO ] [DomicilioDAOH2:34] domicilio guardado
[2024-06-01 20:18:23] [ ERROR] [PacienteDAOH2:47] La columna "ODONTOLOGO_ID" no permite valores nulos (NULL)
NULL not allowed for column "ODONTOLOGO_ID"; SQL statement:
INSERT INTO PACIENTES(NOMBRE, APELLIDO, CEDULA, FECHA_INGRESO, DOMICILIO_ID, EMAIL) VALUES(?,?,?,?,?,?) [23502-214]
[2024-06-01 20:18:48] [ INFO ] [PacienteDAOH2:25] inciando las operaciones de guardado
[2024-06-01 20:18:48] [ INFO ] [DomicilioDAOH2:20] iniciando las operaciones de guardado
[2024-06-01 20:18:48] [ INFO ] [DomicilioDAOH2:34] domicilio guardado
[2024-06-01 20:18:48] [ ERROR] [PacienteDAOH2:47] La columna "ODONTOLOGO_ID" no permite valores nulos (NULL)
NULL not allowed for column "ODONTOLOGO_ID"; SQL statement:
INSERT INTO PACIENTES(NOMBRE, APELLIDO, CEDULA, FECHA_INGRESO, DOMICILIO_ID, EMAIL) VALUES(?,?,?,?,?,?) [23502-214]
[2024-06-01 20:20:06] [ INFO ] [TurnoDAOLista:61] iniciando las operacion de mostrar todos los turnos
[2024-06-01 20:20:11] [ INFO ] [PacienteDAOH2:54] iniciando la operación de búsqueda de un paciente con id : 2
[2024-06-01 20:20:11] [ INFO ] [DomicilioDAOH2:45] iniciando la busqueda de un domicilio con id: 2
[2024-06-01 20:20:11] [ INFO ] [PacienteDAOH2:69] Se buscó el paciente con id: 2
[2024-06-01 20:20:11] [ INFO ] [OdontologoDAOH2:51] iniciando la busqueda de un odontólogo con id: 3
[2024-06-01 20:20:11] [ INFO ] [OdontologoDAOH2:63] Se buscó el odontólogo con id: 3
[2024-06-01 20:20:11] [ INFO ] [TurnoDAOLista:14] iniciando las operaciones de guardado de un turno
[2024-06-01 20:20:11] [ INFO ] [PacienteDAOH2:54] iniciando la operación de búsqueda de un paciente con id : 2
[2024-06-01 20:20:11] [ INFO ] [DomicilioDAOH2:45] iniciando la busqueda de un domicilio con id: 2
[2024-06-01 20:20:11] [ INFO ] [PacienteDAOH2:69] Se buscó el paciente con id: 2
[2024-06-01 20:20:11] [ INFO ] [OdontologoDAOH2:51] iniciando la busqueda de un odontólogo con id: 3
[2024-06-01 20:20:11] [ INFO ] [OdontologoDAOH2:63] Se buscó el odontólogo con id: 3
[2024-06-01 20:20:11] [ INFO ] [TurnoDAOLista:20] turno guardado con éxito
[2024-06-01 20:20:16] [ INFO ] [PacienteDAOH2:54] iniciando la operación de búsqueda de un paciente con id : 1
[2024-06-01 20:20:16] [ INFO ] [DomicilioDAOH2:45] iniciando la busqueda de un domicilio con id: 1
[2024-06-01 20:20:16] [ INFO ] [PacienteDAOH2:69] Se buscó el paciente con id: 1
[2024-06-01 20:20:16] [ INFO ] [OdontologoDAOH2:51] iniciando la busqueda de un odontólogo con id: 3
[2024-06-01 20:20:16] [ INFO ] [OdontologoDAOH2:63] Se buscó el odontólogo con id: 3
[2024-06-01 20:20:16] [ INFO ] [TurnoDAOLista:14] iniciando las operaciones de guardado de un turno
[2024-06-01 20:20:16] [ INFO ] [PacienteDAOH2:54] iniciando la operación de búsqueda de un paciente con id : 1
[2024-06-01 20:20:16] [ INFO ] [DomicilioDAOH2:45] iniciando la busqueda de un domicilio con id: 1
[2024-06-01 20:20:16] [ INFO ] [PacienteDAOH2:69] Se buscó el paciente con id: 1
[2024-06-01 20:20:16] [ INFO ] [OdontologoDAOH2:51] iniciando la busqueda de un odontólogo con id: 3
[2024-06-01 20:20:16] [ INFO ] [OdontologoDAOH2:63] Se buscó el odontólogo con id: 3
[2024-06-01 20:20:16] [ INFO ] [TurnoDAOLista:20] turno guardado con éxito
[2024-06-01 20:20:19] [ INFO ] [PacienteDAOH2:54] iniciando la operación de búsqueda de un paciente con id : 1
[2024-06-01 20:20:19] [ INFO ] [DomicilioDAOH2:45] iniciando la busqueda de un domicilio con id: 1
[2024-06-01 20:20:19] [ INFO ] [PacienteDAOH2:69] Se buscó el paciente con id: 1
[2024-06-01 20:20:19] [ INFO ] [OdontologoDAOH2:51] iniciando la busqueda de un odontólogo con id: 1
[2024-06-01 20:20:19] [ INFO ] [OdontologoDAOH2:63] Se buscó el odontólogo con id: 1
[2024-06-01 20:20:19] [ INFO ] [TurnoDAOLista:14] iniciando las operaciones de guardado de un turno
[2024-06-01 20:20:19] [ INFO ] [PacienteDAOH2:54] iniciando la operación de búsqueda de un paciente con id : 1
[2024-06-01 20:20:19] [ INFO ] [DomicilioDAOH2:45] iniciando la busqueda de un domicilio con id: 1
[2024-06-01 20:20:19] [ INFO ] [PacienteDAOH2:69] Se buscó el paciente con id: 1
[2024-06-01 20:20:19] [ INFO ] [OdontologoDAOH2:51] iniciando la busqueda de un odontólogo con id: 1
[2024-06-01 20:20:19] [ INFO ] [OdontologoDAOH2:63] Se buscó el odontólogo con id: 1
[2024-06-01 20:20:19] [ INFO ] [TurnoDAOLista:20] turno guardado con éxito
[2024-06-01 20:20:22] [ INFO ] [TurnoDAOLista:61] iniciando las operacion de mostrar todos los turnos
[2024-06-01 20:22:05] [ INFO ] [PacienteDAOH2:25] inciando las operaciones de guardado
[2024-06-01 20:22:05] [ INFO ] [DomicilioDAOH2:20] iniciando las operaciones de guardado
[2024-06-01 20:22:05] [ INFO ] [DomicilioDAOH2:34] domicilio guardado
[2024-06-01 20:22:05] [ ERROR] [PacienteDAOH2:47] La columna "ODONTOLOGO_ID" no permite valores nulos (NULL)
NULL not allowed for column "ODONTOLOGO_ID"; SQL statement:
INSERT INTO PACIENTES(NOMBRE, APELLIDO, CEDULA, FECHA_INGRESO, DOMICILIO_ID, EMAIL) VALUES(?,?,?,?,?,?) [23502-214]
[2024-06-01 20:22:10] [ INFO ] [PacienteDAOH2:25] inciando las operaciones de guardado
[2024-06-01 20:22:10] [ INFO ] [DomicilioDAOH2:20] iniciando las operaciones de guardado
[2024-06-01 20:22:10] [ INFO ] [DomicilioDAOH2:34] domicilio guardado
[2024-06-01 20:22:10] [ ERROR] [PacienteDAOH2:47] La columna "ODONTOLOGO_ID" no permite valores nulos (NULL)
NULL not allowed for column "ODONTOLOGO_ID"; SQL statement:
INSERT INTO PACIENTES(NOMBRE, APELLIDO, CEDULA, FECHA_INGRESO, DOMICILIO_ID, EMAIL) VALUES(?,?,?,?,?,?) [23502-214]
[2024-06-01 20:23:16] [ INFO ] [PacienteDAOH2:25] inciando las operaciones de guardado
[2024-06-01 20:23:16] [ INFO ] [DomicilioDAOH2:20] iniciando las operaciones de guardado
[2024-06-01 20:23:16] [ INFO ] [DomicilioDAOH2:34] domicilio guardado
[2024-06-01 20:23:16] [ ERROR] [PacienteDAOH2:47] La columna "ODONTOLOGO_ID" no permite valores nulos (NULL)
NULL not allowed for column "ODONTOLOGO_ID"; SQL statement:
INSERT INTO PACIENTES(NOMBRE, APELLIDO, CEDULA, FECHA_INGRESO, DOMICILIO_ID, EMAIL) VALUES(?,?,?,?,?,?) [23502-214]
[2024-06-01 20:23:33] [ INFO ] [PacienteDAOH2:121] iniciando las operaciones de bÚsqueda de todos los pacientes
[2024-06-01 20:23:33] [ INFO ] [DomicilioDAOH2:45] iniciando la busqueda de un domicilio con id: 1
[2024-06-01 20:23:33] [ INFO ] [DomicilioDAOH2:45] iniciando la busqueda de un domicilio con id: 2
[2024-06-01 20:23:33] [ INFO ] [PacienteDAOH2:137] Se consultaron todos los pacientes
[2024-06-01 20:23:56] [ INFO ] [OdontologoDAOH2:111] iniciando las operaciones de búsqueda de todos los odontólogos
[2024-06-01 20:23:56] [ INFO ] [OdontologoDAOH2:128] Se consultaron todos los odontólogos
[2024-06-01 20:27:45] [ INFO ] [BD:50] tablas creadas con éxito
[2024-06-01 20:28:22] [ INFO ] [PacienteDAOH2:25] inciando las operaciones de guardado
[2024-06-01 20:28:22] [ INFO ] [DomicilioDAOH2:20] iniciando las operaciones de guardado
[2024-06-01 20:28:23] [ INFO ] [DomicilioDAOH2:34] domicilio guardado
[2024-06-01 20:28:23] [ ERROR] [PacienteDAOH2:47] La columna "ODONTOLOGO_ID" no permite valores nulos (NULL)
NULL not allowed for column "ODONTOLOGO_ID"; SQL statement:
INSERT INTO PACIENTES(NOMBRE, APELLIDO, CEDULA, FECHA_INGRESO, DOMICILIO_ID, EMAIL) VALUES(?,?,?,?,?,?) [23502-214]
[2024-06-01 21:52:08] [ INFO ] [BD:50] tablas creadas con éxito
[2024-06-01 21:52:33] [ INFO ] [PacienteDAOH2:25] inciando las operaciones de guardado
[2024-06-01 21:52:33] [ INFO ] [DomicilioDAOH2:20] iniciando las operaciones de guardado
[2024-06-01 21:52:33] [ INFO ] [DomicilioDAOH2:34] domicilio guardado
[2024-06-01 21:52:33] [ ERROR] [PacienteDAOH2:47] La columna "ODONTOLOGO_ID" no permite valores nulos (NULL)
NULL not allowed for column "ODONTOLOGO_ID"; SQL statement:
INSERT INTO PACIENTES(NOMBRE, APELLIDO, CEDULA, FECHA_INGRESO, DOMICILIO_ID, EMAIL) VALUES(?,?,?,?,?,?) [23502-214]
[2024-06-01 21:54:56] [ WARN ] [BD:51] Columna "ODONTOLOGO_ID" no encontrada
Column "ODONTOLOGO_ID" not found; SQL statement:
INSERT INTO PACIENTES (NOMBRE, APELLIDO, CEDULA, FECHA_INGRESO, DOMICILIO_ID, EMAIL, ODONTOLOGO_ID)VALUES ('Jorgito','Pereyra','111111','2024-05-16', 1, 'jorgito@jorgito.com', 3), ('German','Fraire','22222','2024-05-10', 2, 'german@german.com', 1); INSERT INTO DOMICILIOS (CALLE, NUMERO, LOCALIDAD, PROVINCIA) VALUES ('Siempre Viva',742,'Springfield','USA'),('Av. Uruguay',345,'Punta del Este','Uruguay');INSERT INTO ODONTOLOGOS (MATRICULA, NOMBRE, APELLIDO) VALUES (5678, 'Lola', 'Martinez'), (3456, 'David', 'Suarez'), (9876, 'Marta', 'Gómez') [42122-214]
[2024-06-01 21:55:44] [ WARN ] [BD:51] La cantidad de columnas no coincide
Column count does not match; SQL statement:
INSERT INTO PACIENTES (NOMBRE, APELLIDO, CEDULA, FECHA_INGRESO, DOMICILIO_ID, EMAIL)VALUES ('Jorgito','Pereyra','111111','2024-05-16', 1, 'jorgito@jorgito.com', 3), ('German','Fraire','22222','2024-05-10', 2, 'german@german.com', 1); INSERT INTO DOMICILIOS (CALLE, NUMERO, LOCALIDAD, PROVINCIA) VALUES ('Siempre Viva',742,'Springfield','USA'),('Av. Uruguay',345,'Punta del Este','Uruguay');INSERT INTO ODONTOLOGOS (MATRICULA, NOMBRE, APELLIDO) VALUES (5678, 'Lola', 'Martinez'), (3456, 'David', 'Suarez'), (9876, 'Marta', 'Gómez') [21002-214]
[2024-06-01 21:56:31] [ INFO ] [BD:49] tablas creadas con éxito
[2024-06-01 21:56:52] [ INFO ] [PacienteDAOH2:25] inciando las operaciones de guardado
[2024-06-01 21:56:52] [ INFO ] [DomicilioDAOH2:20] iniciando las operaciones de guardado
[2024-06-01 21:56:52] [ INFO ] [DomicilioDAOH2:34] domicilio guardado
[2024-06-01 21:56:52] [ INFO ] [PacienteDAOH2:44] paciente guardado
[2024-06-01 21:58:05] [ INFO ] [PacienteDAOH2:25] inciando las operaciones de guardado
[2024-06-01 21:58:05] [ INFO ] [DomicilioDAOH2:20] iniciando las operaciones de guardado
[2024-06-01 21:58:05] [ INFO ] [DomicilioDAOH2:34] domicilio guardado
[2024-06-01 21:58:05] [ INFO ] [PacienteDAOH2:44] paciente guardado
[2024-06-01 21:58:14] [ INFO ] [PacienteDAOH2:121] iniciando las operaciones de bÚsqueda de todos los pacientes
[2024-06-01 21:58:14] [ INFO ] [DomicilioDAOH2:45] iniciando la busqueda de un domicilio con id: 1
[2024-06-01 21:58:14] [ INFO ] [DomicilioDAOH2:45] iniciando la busqueda de un domicilio con id: 2
[2024-06-01 21:58:14] [ INFO ] [DomicilioDAOH2:45] iniciando la busqueda de un domicilio con id: 3
[2024-06-01 21:58:14] [ INFO ] [DomicilioDAOH2:45] iniciando la busqueda de un domicilio con id: 4
[2024-06-01 21:58:14] [ INFO ] [PacienteDAOH2:137] Se consultaron todos los pacientes
[2024-06-01 23:21:31] [ INFO ] [BD:49] tablas creadas con éxito
[2024-06-01 23:36:19] [ INFO ] [OdontologoDAOH2:111] iniciando las operaciones de búsqueda de todos los odontólogos
[2024-06-01 23:36:19] [ INFO ] [OdontologoDAOH2:128] Se consultaron todos los odontólogos
[2024-06-01 23:41:19] [ INFO ] [OdontologoDAOH2:23] iniciando las operaciones de: guardado de :  ABC123
[2024-06-01 23:41:19] [ ERROR] [OdontologoDAOH2:44] Conversión de datos fallida, convirtiendo "'ABC123' (ODONTOLOGOS: ""MATRICULA"" INTEGER NOT NULL)"
Data conversion error converting "'ABC123' (ODONTOLOGOS: ""MATRICULA"" INTEGER NOT NULL)"; SQL statement:
INSERT INTO ODONTOLOGOS (MATRICULA, NOMBRE, APELLIDO) VALUES (?,?,?) [22018-214]
[2024-06-01 23:44:14] [ INFO ] [BD:49] tablas creadas con éxito
[2024-06-01 23:46:51] [ INFO ] [OdontologoDAOH2:23] iniciando las operaciones de: guardado de :  ABC123
[2024-06-01 23:46:52] [ INFO ] [OdontologoDAOH2:41] odontologo guardado
[2024-06-01 23:51:48] [ INFO ] [BD:49] tablas creadas con éxito
[2024-06-01 23:52:12] [ INFO ] [OdontologoDAOH2:111] iniciando las operaciones de búsqueda de todos los odontólogos
[2024-06-01 23:52:12] [ INFO ] [OdontologoDAOH2:128] Se consultaron todos los odontólogos
[2024-06-01 23:52:37] [ INFO ] [OdontologoDAOH2:23] iniciando las operaciones de: guardado de :  ABC123
[2024-06-01 23:52:38] [ INFO ] [OdontologoDAOH2:41] odontologo guardado
[2024-06-01 23:52:46] [ INFO ] [OdontologoDAOH2:111] iniciando las operaciones de búsqueda de todos los odontólogos
[2024-06-01 23:52:46] [ INFO ] [OdontologoDAOH2:128] Se consultaron todos los odontólogos
[2024-06-01 23:53:39] [ INFO ] [OdontologoDAOH2:23] iniciando las operaciones de: guardado de :  EFG456
[2024-06-01 23:53:39] [ INFO ] [OdontologoDAOH2:41] odontologo guardado
[2024-06-01 23:54:00] [ INFO ] [OdontologoDAOH2:111] iniciando las operaciones de búsqueda de todos los odontólogos
[2024-06-01 23:54:00] [ INFO ] [OdontologoDAOH2:128] Se consultaron todos los odontólogos
